Using pre-set license
Built from '2020.3/staging' branch; Version is '2020.3.9f1 (108be757e447) revision 1084391'; Using compiler version '192528614'; Build Type 'Release'
OS: 'Windows 10 Pro; OS build 19042.1110; Version 2009; 64bit' Language: 'en' Physical Memory: 32679 MB
BatchMode: 1, IsHumanControllingUs: 0, StartBugReporterOnCrash: 0, Is64bit: 1, IsPro: 0

 COMMAND LINE ARGUMENTS:
D:\Unity\UnityEditor\2020.3.9f1\Editor\Unity.exe
-adb2
-bcdd
-batchMode
-noUpm
-name
AssetImportWorker0
-projectPath
D:/Unity/3DGames/ParticleSystemStudy
-logFile
Logs/AssetImportWorker0.log
-srvPort
52285
Successfully changed project path to: D:/Unity/3DGames/ParticleSystemStudy
D:/Unity/3DGames/ParticleSystemStudy
Using Asset Import Pipeline V2.
Refreshing native plugins compatible for Editor in 26.53 ms, found 0 plugins.
Preloading 0 native plugins for Editor in 0.00 ms.
Initialize engine version: 2020.3.9f1 (108be757e447)
[Subsystems] Discovering subsystems at path D:/Unity/UnityEditor/2020.3.9f1/Editor/Data/Resources/UnitySubsystems
[Subsystems] Discovering subsystems at path D:/Unity/3DGames/ParticleSystemStudy/Assets
GfxDevice: creating device client; threaded=0
Direct3D:
    Version:  Direct3D 11.0 [level 11.1]
    Renderer: NVIDIA GeForce GTX 1660 SUPER (ID=0x21c4)
    Vendor:   
    VRAM:     5991 MB
    Driver:   27.21.14.5709
Initialize mono
Mono path[0] = 'D:/Unity/UnityEditor/2020.3.9f1/Editor/Data/Managed'
Mono path[1] = 'D:/Unity/UnityEditor/2020.3.9f1/Editor/Data/MonoBleedingEdge/lib/mono/unityjit'
Mono config path = 'D:/Unity/UnityEditor/2020.3.9f1/Editor/Data/MonoBleedingEdge/etc'
Using monoOptions --debugger-agent=transport=dt_socket,embedding=1,server=y,suspend=n,address=127.0.0.1:56724
Begin MonoManager ReloadAssembly
Registering precompiled unity dll's ...
Register platform support module: D:/Unity/UnityEditor/2020.3.9f1/Editor/Data/PlaybackEngines/WebGLSupport/UnityEditor.WebGL.Extensions.dll
Register platform support module: D:/Unity/UnityEditor/2020.3.9f1/Editor/Data/PlaybackEngines/WindowsStandaloneSupport/UnityEditor.WindowsStandalone.Extensions.dll
Register platform support module: D:/Unity/UnityEditor/2020.3.9f1/Editor/Data/PlaybackEngines/LuminSupport/UnityEditor.Lumin.Extensions.dll
Registered in 0.001066 seconds.
Native extension for Lumin target not found
Native extension for WindowsStandalone target not found
Native extension for WebGL target not found
Refreshing native plugins compatible for Editor in 26.48 ms, found 0 plugins.
Preloading 0 native plugins for Editor in 0.00 ms.
Mono: successfully reloaded assembly
- Completed reload, in  1.325 seconds
Platform modules already initialized, skipping
Registering precompiled user dll's ...
Registered in 0.000384 seconds.
Begin MonoManager ReloadAssembly
Native extension for Lumin target not found
Native extension for WindowsStandalone target not found
Native extension for WebGL target not found
Refreshing native plugins compatible for Editor in 0.29 ms, found 0 plugins.
Preloading 0 native plugins for Editor in 0.00 ms.
Mono: successfully reloaded assembly
- Completed reload, in  0.652 seconds
Platform modules already initialized, skipping
========================================================================
Worker process is ready to serve import requests
Launched and connected shader compiler UnityShaderCompiler.exe after 0.03 seconds
Refreshing native plugins compatible for Editor in 0.29 ms, found 0 plugins.
Preloading 0 native plugins for Editor in 0.00 ms.
Unloading 1361 Unused Serialized files (Serialized files now loaded: 0)
System memory in use before: 83.7 MB.
System memory in use after: 83.7 MB.

Unloading 14 unused Assets to reduce memory usage. Loaded Objects now: 1809.
Total: 1.763100 ms (FindLiveObjects: 0.124600 ms CreateObjectMapping: 0.028300 ms MarkObjects: 1.519200 ms  DeleteObjects: 0.089800 ms)

========================================================================
Received Import Request.
  path: Assets/Main Camera Profile.asset
  artifactKey: Guid(a2c5621595413ca4a81d437f1d534aff) Importer(815301076,1909f56bfc062723c751e8b465ee728b)
Start importing Assets/Main Camera Profile.asset using Guid(a2c5621595413ca4a81d437f1d534aff) Importer(815301076,1909f56bfc062723c751e8b465ee728b)  -> (artifact id: '6228b3ccb17a2183499376f8a5ae7753') in 0.029954 seconds
  Import took 0.032087 seconds .

========================================================================
Received Import Request.
  Time since last request: 0.000174 seconds.
  path: Assets/Readme.asset
  artifactKey: Guid(83c2ed844a8c74b779a4c823d16594b1) Importer(815301076,1909f56bfc062723c751e8b465ee728b)
Start importing Assets/Readme.asset using Guid(83c2ed844a8c74b779a4c823d16594b1) Importer(815301076,1909f56bfc062723c751e8b465ee728b)  -> (artifact id: '7354b5bdcad694109f999d8667be3d4b') in 0.008857 seconds
  Import took 0.011074 seconds .

========================================================================
Received Import Request.
  Time since last request: 21.768352 seconds.
  path: Assets/TutorialInfo
  artifactKey: Guid(77c780bf9cd02e441b1de46f397200cf) Importer(815301076,1909f56bfc062723c751e8b465ee728b)
Start importing Assets/TutorialInfo using Guid(77c780bf9cd02e441b1de46f397200cf) Importer(815301076,1909f56bfc062723c751e8b465ee728b)  -> (artifact id: 'edd5a08b6b4a6d27102c4264dd2ae515') in 0.005648 seconds
  Import took 0.007746 seconds .

========================================================================
Received Import Request.
  Time since last request: 1.255318 seconds.
  path: Assets/TutorialInfo/Scripts
  artifactKey: Guid(a68c269571cfc7a4f8eb6f1f3e384f71) Importer(815301076,1909f56bfc062723c751e8b465ee728b)
Start importing Assets/TutorialInfo/Scripts using Guid(a68c269571cfc7a4f8eb6f1f3e384f71) Importer(815301076,1909f56bfc062723c751e8b465ee728b)  -> (artifact id: '01c91713722c14a6d830ab13eea9ab0a') in 0.005981 seconds
  Import took 0.008370 seconds .

========================================================================
Received Import Request.
  Time since last request: 0.834122 seconds.
  path: Assets/TutorialInfo/Scripts/Editor
  artifactKey: Guid(25c3732bfb3f62945950482e9374e869) Importer(815301076,1909f56bfc062723c751e8b465ee728b)
Start importing Assets/TutorialInfo/Scripts/Editor using Guid(25c3732bfb3f62945950482e9374e869) Importer(815301076,1909f56bfc062723c751e8b465ee728b)  -> (artifact id: '0b2f8dbdf75633d6fdbdada20e962f33') in 0.007231 seconds
  Import took 0.010266 seconds .

========================================================================
Received Import Request.
  Time since last request: 0.502121 seconds.
  path: Assets/TutorialInfo/Scripts/Readme.cs
  artifactKey: Guid(fcf7219bab7fe46a1ad266029b2fee19) Importer(815301076,1909f56bfc062723c751e8b465ee728b)
Start importing Assets/TutorialInfo/Scripts/Readme.cs using Guid(fcf7219bab7fe46a1ad266029b2fee19) Importer(815301076,1909f56bfc062723c751e8b465ee728b)  -> (artifact id: 'd67c52f8ec24d3ef1a51a059dcf1ea34') in 0.007707 seconds
  Import took 0.009958 seconds .

========================================================================
Received Import Request.
  Time since last request: 0.007449 seconds.
  path: Assets/TutorialInfo/Scripts/Readme.cs
  artifactKey: Guid(fcf7219bab7fe46a1ad266029b2fee19) Importer(815301076,1909f56bfc062723c751e8b465ee728b)
Start importing Assets/TutorialInfo/Scripts/Readme.cs using Guid(fcf7219bab7fe46a1ad266029b2fee19) Importer(815301076,1909f56bfc062723c751e8b465ee728b)  -> (artifact id: 'd67c52f8ec24d3ef1a51a059dcf1ea34') in 0.001133 seconds
  Import took 0.003190 seconds .

========================================================================
Received Prepare
Registering precompiled user dll's ...
Registered in 0.000446 seconds.
Begin MonoManager ReloadAssembly
Native extension for Lumin target not found
Native extension for WindowsStandalone target not found
Native extension for WebGL target not found
Refreshing native plugins compatible for Editor in 0.29 ms, found 0 plugins.
Preloading 0 native plugins for Editor in 0.00 ms.
Mono: successfully reloaded assembly
- Completed reload, in  0.614 seconds
Platform modules already initialized, skipping
Refreshing native plugins compatible for Editor in 0.29 ms, found 0 plugins.
Preloading 0 native plugins for Editor in 0.00 ms.
Unloading 1314 Unused Serialized files (Serialized files now loaded: 0)
System memory in use before: 79.5 MB.
System memory in use after: 79.6 MB.

Unloading 5 unused Assets to reduce memory usage. Loaded Objects now: 1812.
Total: 1.534400 ms (FindLiveObjects: 0.159500 ms CreateObjectMapping: 0.032300 ms MarkObjects: 1.295600 ms  DeleteObjects: 0.046300 ms)

========================================================================
Received Prepare
Registering precompiled user dll's ...
Registered in 0.000411 seconds.
Begin MonoManager ReloadAssembly
Native extension for Lumin target not found
Native extension for WindowsStandalone target not found
Native extension for WebGL target not found
Refreshing native plugins compatible for Editor in 0.30 ms, found 0 plugins.
Preloading 0 native plugins for Editor in 0.00 ms.
Mono: successfully reloaded assembly
- Completed reload, in  0.596 seconds
Platform modules already initialized, skipping
Refreshing native plugins compatible for Editor in 0.29 ms, found 0 plugins.
Preloading 0 native plugins for Editor in 0.00 ms.
Unloading 1328 Unused Serialized files (Serialized files now loaded: 0)
System memory in use before: 80.0 MB.
System memory in use after: 80.0 MB.

Unloading 5 unused Assets to reduce memory usage. Loaded Objects now: 1829.
Total: 1.469700 ms (FindLiveObjects: 0.152000 ms CreateObjectMapping: 0.029000 ms MarkObjects: 1.244500 ms  DeleteObjects: 0.043400 ms)

========================================================================
Received Import Request.
  Time since last request: 72.954272 seconds.
  path: Assets/EffectExamples
  artifactKey: Guid(6c0b056137d972f46a0312ba21b6263f) Importer(815301076,1909f56bfc062723c751e8b465ee728b)
Start importing Assets/EffectExamples using Guid(6c0b056137d972f46a0312ba21b6263f) Importer(815301076,1909f56bfc062723c751e8b465ee728b)  -> (artifact id: 'c0695cf317e26f567ddbb6bf096b4217') in 0.007473 seconds
  Import took 0.009825 seconds .

========================================================================
Received Import Request.
  Time since last request: 1.514892 seconds.
  path: Assets/EffectExamples/Fire & Explosion Effects
  artifactKey: Guid(9c9c292c9091a7d4fbaf34fdd81b85fc) Importer(815301076,1909f56bfc062723c751e8b465ee728b)
Start importing Assets/EffectExamples/Fire & Explosion Effects using Guid(9c9c292c9091a7d4fbaf34fdd81b85fc) Importer(815301076,1909f56bfc062723c751e8b465ee728b)  -> (artifact id: '69fb5e8d844e7fc89a2aa22f6ab447a5') in 0.005834 seconds
  Import took 0.008210 seconds .

========================================================================
Received Import Request.
  Time since last request: 1.433254 seconds.
  path: Assets/EffectExamples/Fire & Explosion Effects/Prefabs
  artifactKey: Guid(af557a47dae08a94cb2839384fe7ac98) Importer(815301076,1909f56bfc062723c751e8b465ee728b)
Start importing Assets/EffectExamples/Fire & Explosion Effects/Prefabs using Guid(af557a47dae08a94cb2839384fe7ac98) Importer(815301076,1909f56bfc062723c751e8b465ee728b)  -> (artifact id: '4aa439689fb204667547ff0dbbb8d9df') in 0.005723 seconds
  Import took 0.008050 seconds .

========================================================================
Received Import Request.
  Time since last request: 0.104638 seconds.
  path: Assets/EffectExamples/Fire & Explosion Effects/Prefabs/BigExplosion.prefab
  artifactKey: Guid(e1b08032bec16ba4eb1ae23cbd572664) Importer(815301076,1909f56bfc062723c751e8b465ee728b)
Start importing Assets/EffectExamples/Fire & Explosion Effects/Prefabs/BigExplosion.prefab using Guid(e1b08032bec16ba4eb1ae23cbd572664) Importer(815301076,1909f56bfc062723c751e8b465ee728b)  -> (artifact id: '0937f30a69961db4c608ff7866e8f914') in 0.023976 seconds
  Import took 0.026874 seconds .

========================================================================
Received Import Request.
  Time since last request: 0.000150 seconds.
  path: Assets/EffectExamples/Fire & Explosion Effects/Prefabs/WildFire.prefab
  artifactKey: Guid(f293a2dcc753a4a489fefe7f8f312d69) Importer(815301076,1909f56bfc062723c751e8b465ee728b)
Start importing Assets/EffectExamples/Fire & Explosion Effects/Prefabs/WildFire.prefab using Guid(f293a2dcc753a4a489fefe7f8f312d69) Importer(815301076,1909f56bfc062723c751e8b465ee728b)  -> (artifact id: '937e079612a1f61f40742ab63a1f881f') in 0.006394 seconds
  Import took 0.008619 seconds .

========================================================================
Received Import Request.
  Time since last request: 0.000169 seconds.
  path: Assets/EffectExamples/Fire & Explosion Effects/Prefabs/MediumFlames.prefab
  artifactKey: Guid(be6847dd39ab95f4daa2ed98e4f90564) Importer(815301076,1909f56bfc062723c751e8b465ee728b)
Start importing Assets/EffectExamples/Fire & Explosion Effects/Prefabs/MediumFlames.prefab using Guid(be6847dd39ab95f4daa2ed98e4f90564) Importer(815301076,1909f56bfc062723c751e8b465ee728b)  -> (artifact id: 'cadb00b3f748babfe323cfbc97901a74') in 0.006663 seconds
  Import took 0.008793 seconds .

========================================================================
Received Import Request.
  Time since last request: 0.000146 seconds.
  path: Assets/EffectExamples/Fire & Explosion Effects/Prefabs/PlasmaExplosionEffect.prefab
  artifactKey: Guid(96730f8640590934eacb6f860058e7f9) Importer(815301076,1909f56bfc062723c751e8b465ee728b)
Start importing Assets/EffectExamples/Fire & Explosion Effects/Prefabs/PlasmaExplosionEffect.prefab using Guid(96730f8640590934eacb6f860058e7f9) Importer(815301076,1909f56bfc062723c751e8b465ee728b)  -> (artifact id: 'abeb53264ce90e4c6afcea02107f8278') in 0.006450 seconds
  Import took 0.008687 seconds .

========================================================================
Received Import Request.
  Time since last request: 0.000189 seconds.
  path: Assets/EffectExamples/Fire & Explosion Effects/Prefabs/EnergyExplosion.prefab
  artifactKey: Guid(9bba9cf244c53c5439505dfc96fdd11c) Importer(815301076,1909f56bfc062723c751e8b465ee728b)
Start importing Assets/EffectExamples/Fire & Explosion Effects/Prefabs/EnergyExplosion.prefab using Guid(9bba9cf244c53c5439505dfc96fdd11c) Importer(815301076,1909f56bfc062723c751e8b465ee728b)  -> (artifact id: 'fca3151d8f6ac174e58531df91a13840') in 0.006757 seconds
  Import took 0.009177 seconds .

========================================================================
Received Import Request.
  Time since last request: 0.000158 seconds.
  path: Assets/EffectExamples/Fire & Explosion Effects/Prefabs/TinyExplosion.prefab
  artifactKey: Guid(25c7aa9ad705fe143a4d71c1c8deb7d4) Importer(815301076,1909f56bfc062723c751e8b465ee728b)
Start importing Assets/EffectExamples/Fire & Explosion Effects/Prefabs/TinyExplosion.prefab using Guid(25c7aa9ad705fe143a4d71c1c8deb7d4) Importer(815301076,1909f56bfc062723c751e8b465ee728b)  -> (artifact id: '4ceafe40e2be6d9b045c781e8ee1f981') in 0.006457 seconds
  Import took 0.008721 seconds .

========================================================================
Received Import Request.
  Time since last request: 0.000143 seconds.
  path: Assets/EffectExamples/Fire & Explosion Effects/Prefabs/ParticlesLight.prefab
  artifactKey: Guid(fa35d75604d172d48b7a6b62a07c7dbf) Importer(815301076,1909f56bfc062723c751e8b465ee728b)
Start importing Assets/EffectExamples/Fire & Explosion Effects/Prefabs/ParticlesLight.prefab using Guid(fa35d75604d172d48b7a6b62a07c7dbf) Importer(815301076,1909f56bfc062723c751e8b465ee728b)  -> (artifact id: 'b46baaa95279bdc606a58312ede8fd68') in 0.006356 seconds
  Import took 0.008252 seconds .

========================================================================
Received Import Request.
  Time since last request: 0.000142 seconds.
  path: Assets/EffectExamples/Fire & Explosion Effects/Prefabs/TinyFlames.prefab
  artifactKey: Guid(ea4fb55d0227e604386f44f905cfe7c0) Importer(815301076,1909f56bfc062723c751e8b465ee728b)
Start importing Assets/EffectExamples/Fire & Explosion Effects/Prefabs/TinyFlames.prefab using Guid(ea4fb55d0227e604386f44f905cfe7c0) Importer(815301076,1909f56bfc062723c751e8b465ee728b)  -> (artifact id: 'e38222d6d79d0fb54ccf7be7a7c31618') in 0.006009 seconds
  Import took 0.008104 seconds .

========================================================================
Received Import Request.
  Time since last request: 0.000152 seconds.
  path: Assets/EffectExamples/Fire & Explosion Effects/Prefabs/FlameStream.prefab
  artifactKey: Guid(bccc7a794e75b2a44a4b0dac69160b7b) Importer(815301076,1909f56bfc062723c751e8b465ee728b)
Start importing Assets/EffectExamples/Fire & Explosion Effects/Prefabs/FlameStream.prefab using Guid(bccc7a794e75b2a44a4b0dac69160b7b) Importer(815301076,1909f56bfc062723c751e8b465ee728b)  -> (artifact id: 'da6e8ad304129a847280c5291276efbd') in 0.006591 seconds
  Import took 0.008750 seconds .

========================================================================
Received Import Request.
  Time since last request: 0.000188 seconds.
  path: Assets/EffectExamples/Fire & Explosion Effects/Prefabs/SmallExplosion.prefab
  artifactKey: Guid(64891a0eb28db934898420d80ca07cb3) Importer(815301076,1909f56bfc062723c751e8b465ee728b)
Start importing Assets/EffectExamples/Fire & Explosion Effects/Prefabs/SmallExplosion.prefab using Guid(64891a0eb28db934898420d80ca07cb3) Importer(815301076,1909f56bfc062723c751e8b465ee728b)  -> (artifact id: '954ad9691403c4048bd6a411c4973588') in 0.007287 seconds
  Import took 0.009504 seconds .

========================================================================
Received Import Request.
  Time since last request: 0.000149 seconds.
  path: Assets/EffectExamples/Fire & Explosion Effects/Prefabs/FireBall.prefab
  artifactKey: Guid(a990e3ac1318b834488c784d851f42a9) Importer(815301076,1909f56bfc062723c751e8b465ee728b)
Start importing Assets/EffectExamples/Fire & Explosion Effects/Prefabs/FireBall.prefab using Guid(a990e3ac1318b834488c784d851f42a9) Importer(815301076,1909f56bfc062723c751e8b465ee728b)  -> (artifact id: '114bedf442501a03df4a5dd96b816fe2') in 0.006569 seconds
  Import took 0.008731 seconds .

========================================================================
Received Import Request.
  Time since last request: 0.000149 seconds.
  path: Assets/EffectExamples/Fire & Explosion Effects/Prefabs/DustExplosion.prefab
  artifactKey: Guid(d8f0099df63275647a8bcf646df1ca00) Importer(815301076,1909f56bfc062723c751e8b465ee728b)
Start importing Assets/EffectExamples/Fire & Explosion Effects/Prefabs/DustExplosion.prefab using Guid(d8f0099df63275647a8bcf646df1ca00) Importer(815301076,1909f56bfc062723c751e8b465ee728b)  -> (artifact id: '77ac2e05ed19b9bf9495b1c001b0db6f') in 0.006566 seconds
  Import took 0.008917 seconds .

========================================================================
Received Import Request.
  Time since last request: 0.000156 seconds.
  path: Assets/EffectExamples/Fire & Explosion Effects/Prefabs/LargeFlames.prefab
  artifactKey: Guid(bb98861c48ad2024ca93498c7dd93a6c) Importer(815301076,1909f56bfc062723c751e8b465ee728b)
Start importing Assets/EffectExamples/Fire & Explosion Effects/Prefabs/LargeFlames.prefab using Guid(bb98861c48ad2024ca93498c7dd93a6c) Importer(815301076,1909f56bfc062723c751e8b465ee728b)  -> (artifact id: '6f669dfbc885dd789ae1af7b1ea8ae62') in 0.005707 seconds
  Import took 0.007873 seconds .

========================================================================
Received Import Request.
  Time since last request: 0.000170 seconds.
  path: Assets/EffectExamples/Fire & Explosion Effects/Prefabs/FlameThrower.prefab
  artifactKey: Guid(007c57e2df8e9b144b99f471b84f3d56) Importer(815301076,1909f56bfc062723c751e8b465ee728b)
Start importing Assets/EffectExamples/Fire & Explosion Effects/Prefabs/FlameThrower.prefab using Guid(007c57e2df8e9b144b99f471b84f3d56) Importer(815301076,1909f56bfc062723c751e8b465ee728b)  -> (artifact id: '9d4d7b899edcb3f6a4aaeb82572ea3df') in 0.005550 seconds
  Import took 0.007909 seconds .

========================================================================
Received Import Request.
  Time since last request: 2.531189 seconds.
  path: Assets/EffectExamples/Fire & Explosion Effects/Materials/Explosion.mat
  artifactKey: Guid(6421a5a06ae9f7a47a57b67f35c73b5a) Importer(815301076,1909f56bfc062723c751e8b465ee728b)
Start importing Assets/EffectExamples/Fire & Explosion Effects/Materials/Explosion.mat using Guid(6421a5a06ae9f7a47a57b67f35c73b5a) Importer(815301076,1909f56bfc062723c751e8b465ee728b)  -> (artifact id: '5cc70623463782656ceb9eed174c1ba2') in 0.141230 seconds
  Import took 0.145441 seconds .

========================================================================
Received Import Request.
  Time since last request: 70.211332 seconds.
  path: Assets/EffectExamples/Fire & Explosion Effects/Materials/Dust.mat
  artifactKey: Guid(53a63d52a4c231f4c8ef0f2bfc170425) Importer(815301076,1909f56bfc062723c751e8b465ee728b)
Start importing Assets/EffectExamples/Fire & Explosion Effects/Materials/Dust.mat using Guid(53a63d52a4c231f4c8ef0f2bfc170425) Importer(815301076,1909f56bfc062723c751e8b465ee728b)  -> (artifact id: 'eae566bc95ecfc19bf738e8e373720f4') in 1.710841 seconds
  Import took 1.713637 seconds .

========================================================================
Received Import Request.
  Time since last request: 59.058991 seconds.
  path: Assets/EffectExamples/Fire & Explosion Effects/Materials/fireball.mat
  artifactKey: Guid(3349fc02d104e2b458470ec533f51c16) Importer(815301076,1909f56bfc062723c751e8b465ee728b)
Start importing Assets/EffectExamples/Fire & Explosion Effects/Materials/fireball.mat using Guid(3349fc02d104e2b458470ec533f51c16) Importer(815301076,1909f56bfc062723c751e8b465ee728b)  -> (artifact id: 'ef8cf662c1aa9e1475d4879a2adb72f2') in 0.012398 seconds
  Import took 0.014713 seconds .

========================================================================
Received Import Request.
  Time since last request: 0.001041 seconds.
  path: Assets/EffectExamples/Fire & Explosion Effects/Materials/fireball.mat
  artifactKey: Guid(3349fc02d104e2b458470ec533f51c16) Importer(815301076,1909f56bfc062723c751e8b465ee728b)
Start importing Assets/EffectExamples/Fire & Explosion Effects/Materials/fireball.mat using Guid(3349fc02d104e2b458470ec533f51c16) Importer(815301076,1909f56bfc062723c751e8b465ee728b)  -> (artifact id: 'ef8cf662c1aa9e1475d4879a2adb72f2') in 0.007964 seconds
  Import took 0.010203 seconds .

========================================================================
Received Import Request.
  Time since last request: 82.454297 seconds.
  path: Assets/EffectExamples/Fire & Explosion Effects/Materials/PlasmaFire.mat
  artifactKey: Guid(b5387d3c2ba98fc44a0f5744f94ce48c) Importer(815301076,1909f56bfc062723c751e8b465ee728b)
Start importing Assets/EffectExamples/Fire & Explosion Effects/Materials/PlasmaFire.mat using Guid(b5387d3c2ba98fc44a0f5744f94ce48c) Importer(815301076,1909f56bfc062723c751e8b465ee728b)  -> (artifact id: '0231df96c63ec3af521aabf6399b8d43') in 0.169720 seconds
  Import took 0.172003 seconds .

========================================================================
Received Import Request.
  Time since last request: 28.692186 seconds.
  path: Assets/EffectExamples/Fire & Explosion Effects/Materials/LargeFlame01.mat
  artifactKey: Guid(af29e4d6b5ada10438f9e9b5bb6d19d3) Importer(815301076,1909f56bfc062723c751e8b465ee728b)
Start importing Assets/EffectExamples/Fire & Explosion Effects/Materials/LargeFlame01.mat using Guid(af29e4d6b5ada10438f9e9b5bb6d19d3) Importer(815301076,1909f56bfc062723c751e8b465ee728b)  -> (artifact id: '3e8e4fa36f746ed1cdf7380e0925af10') in 0.011528 seconds
  Import took 0.013817 seconds .

========================================================================
Received Import Request.
  Time since last request: 0.002262 seconds.
  path: Assets/EffectExamples/Fire & Explosion Effects/Materials/LargeFlame01.mat
  artifactKey: Guid(af29e4d6b5ada10438f9e9b5bb6d19d3) Importer(815301076,1909f56bfc062723c751e8b465ee728b)
Start importing Assets/EffectExamples/Fire & Explosion Effects/Materials/LargeFlame01.mat using Guid(af29e4d6b5ada10438f9e9b5bb6d19d3) Importer(815301076,1909f56bfc062723c751e8b465ee728b)  -> (artifact id: '3e8e4fa36f746ed1cdf7380e0925af10') in 0.010083 seconds
  Import took 0.012360 seconds .

========================================================================
Received Import Request.
  Time since last request: 285.649415 seconds.
  path: Assets/EffectExamples/Fire & Explosion Effects/Materials/LargeFlame02.mat
  artifactKey: Guid(b25dd701bdc692249907c8b4e4b784b2) Importer(815301076,1909f56bfc062723c751e8b465ee728b)
Start importing Assets/EffectExamples/Fire & Explosion Effects/Materials/LargeFlame02.mat using Guid(b25dd701bdc692249907c8b4e4b784b2) Importer(815301076,1909f56bfc062723c751e8b465ee728b)  -> (artifact id: 'd1bb55a864d73d440ec3dafd1f1a7f4f') in 0.018830 seconds
  Import took 0.022047 seconds .

========================================================================
Received Import Request.
  Time since last request: 42.583199 seconds.
  path: Assets/EffectExamples/Fire & Explosion Effects/Materials/TinyFlame.mat
  artifactKey: Guid(2a24b896dbe48144ab8d4a90468ad00e) Importer(815301076,1909f56bfc062723c751e8b465ee728b)
Start importing Assets/EffectExamples/Fire & Explosion Effects/Materials/TinyFlame.mat using Guid(2a24b896dbe48144ab8d4a90468ad00e) Importer(815301076,1909f56bfc062723c751e8b465ee728b)  -> (artifact id: '109e9cb4f63ae197f77193fe680dc94d') in 0.010470 seconds
  Import took 0.012826 seconds .

========================================================================
Received Import Request.
  Time since last request: 0.001195 seconds.
  path: Assets/EffectExamples/Fire & Explosion Effects/Materials/TinyFlame.mat
  artifactKey: Guid(2a24b896dbe48144ab8d4a90468ad00e) Importer(815301076,1909f56bfc062723c751e8b465ee728b)
Start importing Assets/EffectExamples/Fire & Explosion Effects/Materials/TinyFlame.mat using Guid(2a24b896dbe48144ab8d4a90468ad00e) Importer(815301076,1909f56bfc062723c751e8b465ee728b)  -> (artifact id: '109e9cb4f63ae197f77193fe680dc94d') in 0.009269 seconds
  Import took 0.011268 seconds .

========================================================================
Received Import Request.
  Time since last request: 319.508359 seconds.
  path: Assets
  artifactKey: Guid(00000000000000001000000000000000) Importer(815301076,1909f56bfc062723c751e8b465ee728b)
Start importing Assets using Guid(00000000000000001000000000000000) Importer(815301076,1909f56bfc062723c751e8b465ee728b)  -> (artifact id: '42d402b061de3733987d63b9cc3b64de') in 0.004897 seconds
  Import took 0.007150 seconds .

========================================================================
Received Import Request.
  Time since last request: 9.360584 seconds.
  path: Assets/Prefabs
  artifactKey: Guid(ee50747ca250777488b4b003fed50ea5) Importer(815301076,1909f56bfc062723c751e8b465ee728b)
Start importing Assets/Prefabs using Guid(ee50747ca250777488b4b003fed50ea5) Importer(815301076,1909f56bfc062723c751e8b465ee728b)  -> (artifact id: '7c12d7703165d7ea5c4e5ad66c3f5bee') in 0.001295 seconds
  Import took 0.003396 seconds .

========================================================================
Received Import Request.
  Time since last request: 5.138178 seconds.
  path: Assets/New Ramp Asset.asset
  artifactKey: Guid(32b4b1d2932ed7747b9c36a179ba32a4) Importer(815301076,1909f56bfc062723c751e8b465ee728b)
Start importing Assets/New Ramp Asset.asset using Guid(32b4b1d2932ed7747b9c36a179ba32a4) Importer(815301076,1909f56bfc062723c751e8b465ee728b)  -> (artifact id: 'e60f4d46195fa0a171a5cfd9cfbfeb47') in 0.005402 seconds
  Import took 0.007756 seconds .

========================================================================
Received Import Request.
  Time since last request: 187.134712 seconds.
  path: Assets/EffectExamples/Fire & Explosion Effects/Materials/Embers.mat
  artifactKey: Guid(776677ab3818fb249adaca05f4e04545) Importer(815301076,1909f56bfc062723c751e8b465ee728b)
Start importing Assets/EffectExamples/Fire & Explosion Effects/Materials/Embers.mat using Guid(776677ab3818fb249adaca05f4e04545) Importer(815301076,1909f56bfc062723c751e8b465ee728b)  -> (artifact id: '5610098b1de7c0bf2660c4e34a255a71') in 0.009837 seconds
  Import took 0.012462 seconds .

========================================================================
Received Import Request.
  Time since last request: 0.002109 seconds.
  path: Assets/EffectExamples/Fire & Explosion Effects/Materials/Embers.mat
  artifactKey: Guid(776677ab3818fb249adaca05f4e04545) Importer(815301076,1909f56bfc062723c751e8b465ee728b)
Start importing Assets/EffectExamples/Fire & Explosion Effects/Materials/Embers.mat using Guid(776677ab3818fb249adaca05f4e04545) Importer(815301076,1909f56bfc062723c751e8b465ee728b)  -> (artifact id: '5610098b1de7c0bf2660c4e34a255a71') in 0.005128 seconds
  Import took 0.007225 seconds .

========================================================================
Received Import Request.
  Time since last request: 1.143080 seconds.
  path: Assets/EffectExamples/Fire & Explosion Effects/Materials/SmokeDark.mat
  artifactKey: Guid(698a8134f4ebbbd4e848648685f68067) Importer(815301076,1909f56bfc062723c751e8b465ee728b)
Start importing Assets/EffectExamples/Fire & Explosion Effects/Materials/SmokeDark.mat using Guid(698a8134f4ebbbd4e848648685f68067) Importer(815301076,1909f56bfc062723c751e8b465ee728b)  -> (artifact id: '094b6cfdaa8ad2b9b9140ee7da30f68d') in 1.200725 seconds
  Import took 1.203308 seconds .

========================================================================
Received Import Request.
  Time since last request: 0.009616 seconds.
  path: Assets/EffectExamples/Fire & Explosion Effects/Materials/SmokeDark.mat
  artifactKey: Guid(698a8134f4ebbbd4e848648685f68067) Importer(815301076,1909f56bfc062723c751e8b465ee728b)
Start importing Assets/EffectExamples/Fire & Explosion Effects/Materials/SmokeDark.mat using Guid(698a8134f4ebbbd4e848648685f68067) Importer(815301076,1909f56bfc062723c751e8b465ee728b)  -> (artifact id: '094b6cfdaa8ad2b9b9140ee7da30f68d') in 0.013987 seconds
  Import took 0.016436 seconds .

========================================================================
Received Import Request.
  Time since last request: 1.771678 seconds.
  path: Assets/EffectExamples/Fire & Explosion Effects/Materials/ExplosionDistortion.mat
  artifactKey: Guid(fafa06e8ef8c7fb4eac7a74c65cf3a06) Importer(815301076,1909f56bfc062723c751e8b465ee728b)
Start importing Assets/EffectExamples/Fire & Explosion Effects/Materials/ExplosionDistortion.mat using Guid(fafa06e8ef8c7fb4eac7a74c65cf3a06) Importer(815301076,1909f56bfc062723c751e8b465ee728b)  -> (artifact id: 'dd1d74c8661116affa17550cffe64a7a') in 0.195064 seconds
  Import took 0.197344 seconds .

========================================================================
Received Import Request.
  Time since last request: 0.003915 seconds.
  path: Assets/EffectExamples/Fire & Explosion Effects/Materials/ExplosionDistortion.mat
  artifactKey: Guid(fafa06e8ef8c7fb4eac7a74c65cf3a06) Importer(815301076,1909f56bfc062723c751e8b465ee728b)
Start importing Assets/EffectExamples/Fire & Explosion Effects/Materials/ExplosionDistortion.mat using Guid(fafa06e8ef8c7fb4eac7a74c65cf3a06) Importer(815301076,1909f56bfc062723c751e8b465ee728b)  -> (artifact id: 'dd1d74c8661116affa17550cffe64a7a') in 0.011665 seconds
  Import took 0.013804 seconds .

========================================================================
Received Import Request.
  Time since last request: 4.394631 seconds.
  path: Assets/EffectExamples/Fire & Explosion Effects/Materials/DebrisParticle.mat
  artifactKey: Guid(72815344e9e9c7446895e130936932d7) Importer(815301076,1909f56bfc062723c751e8b465ee728b)
Start importing Assets/EffectExamples/Fire & Explosion Effects/Materials/DebrisParticle.mat using Guid(72815344e9e9c7446895e130936932d7) Importer(815301076,1909f56bfc062723c751e8b465ee728b)  -> (artifact id: 'f459087da6bdb31fc53a6545ffe06de3') in 1.560874 seconds
  Import took 1.563190 seconds .

========================================================================
Received Import Request.
  Time since last request: 238.282644 seconds.
  path: Assets/Prefabs/SimulateBigExplosion.prefab
  artifactKey: Guid(804758ec87b1dc1428b7c6fe40d1609a) Importer(815301076,1909f56bfc062723c751e8b465ee728b)
Start importing Assets/Prefabs/SimulateBigExplosion.prefab using Guid(804758ec87b1dc1428b7c6fe40d1609a) Importer(815301076,1909f56bfc062723c751e8b465ee728b)  -> (artifact id: '027286659d36504fb2f23a631bb87c72') in 0.006362 seconds
  Import took 0.009126 seconds .

========================================================================
Received Import Request.
  Time since last request: 0.035439 seconds.
  path: Assets/Prefabs/SimulateBigExplosion.prefab
  artifactKey: Guid(804758ec87b1dc1428b7c6fe40d1609a) Importer(815301076,1909f56bfc062723c751e8b465ee728b)
Start importing Assets/Prefabs/SimulateBigExplosion.prefab using Guid(804758ec87b1dc1428b7c6fe40d1609a) Importer(815301076,1909f56bfc062723c751e8b465ee728b)  -> (artifact id: '027286659d36504fb2f23a631bb87c72') in 0.003276 seconds
  Import took 0.005695 seconds .

========================================================================
Received Import Request.
  Time since last request: 34.254617 seconds.
  path: Assets/EffectExamples/Goop Effects
  artifactKey: Guid(96a4fd4c27ed4214f905c521891b2c87) Importer(815301076,1909f56bfc062723c751e8b465ee728b)
Start importing Assets/EffectExamples/Goop Effects using Guid(96a4fd4c27ed4214f905c521891b2c87) Importer(815301076,1909f56bfc062723c751e8b465ee728b)  -> (artifact id: 'b9691bc7a45bbcecfe9f6039e79e4c1d') in 0.005353 seconds
  Import took 0.007603 seconds .

========================================================================
Received Import Request.
  Time since last request: 1.758164 seconds.
  path: Assets/EffectExamples/Goop Effects/Prefabs
  artifactKey: Guid(81fe257bbe1f3de4d8993c136ed6c362) Importer(815301076,1909f56bfc062723c751e8b465ee728b)
Start importing Assets/EffectExamples/Goop Effects/Prefabs using Guid(81fe257bbe1f3de4d8993c136ed6c362) Importer(815301076,1909f56bfc062723c751e8b465ee728b)  -> (artifact id: '8a17fe8314853002964c8384decdc2e9') in 0.001244 seconds
  Import took 0.003472 seconds .

========================================================================
Received Import Request.
  Time since last request: 0.145267 seconds.
  path: Assets/EffectExamples/Goop Effects/Prefabs/GoopSpray.prefab
  artifactKey: Guid(5656e7ea1f1a75d4c895547ec2b824b3) Importer(815301076,1909f56bfc062723c751e8b465ee728b)
Start importing Assets/EffectExamples/Goop Effects/Prefabs/GoopSpray.prefab using Guid(5656e7ea1f1a75d4c895547ec2b824b3) Importer(815301076,1909f56bfc062723c751e8b465ee728b)  -> (artifact id: '81e8c2ef873e6f650c78640d03ee3736') in 0.006068 seconds
  Import took 0.008490 seconds .

========================================================================
Received Import Request.
  Time since last request: 0.000159 seconds.
  path: Assets/EffectExamples/Goop Effects/Prefabs/GoopStreamEffect.prefab
  artifactKey: Guid(a3768c8a9d1b90d4bb0eb0e4bdbe730c) Importer(815301076,1909f56bfc062723c751e8b465ee728b)
Start importing Assets/EffectExamples/Goop Effects/Prefabs/GoopStreamEffect.prefab using Guid(a3768c8a9d1b90d4bb0eb0e4bdbe730c) Importer(815301076,1909f56bfc062723c751e8b465ee728b)  -> (artifact id: 'ff40a93ccd0a9c7dcbbea6f839f1b0df') in 0.005343 seconds
  Import took 0.007417 seconds .

========================================================================
Received Import Request.
  Time since last request: 0.000166 seconds.
  path: Assets/EffectExamples/Goop Effects/Prefabs/GoopSprayEffect.prefab
  artifactKey: Guid(abb9f519b142e304d9c45b56afa768bc) Importer(815301076,1909f56bfc062723c751e8b465ee728b)
Start importing Assets/EffectExamples/Goop Effects/Prefabs/GoopSprayEffect.prefab using Guid(abb9f519b142e304d9c45b56afa768bc) Importer(815301076,1909f56bfc062723c751e8b465ee728b)  -> (artifact id: 'ba9b9ec09c287de7459d15c28c6ff49e') in 0.005856 seconds
  Import took 0.008367 seconds .

========================================================================
Received Import Request.
  Time since last request: 1.221829 seconds.
  path: Assets/EffectExamples/Goop Effects/Materials/GoopStreamParticle.mat
  artifactKey: Guid(fb0a006be807eac48a87ffa79b3330a5) Importer(815301076,1909f56bfc062723c751e8b465ee728b)
Start importing Assets/EffectExamples/Goop Effects/Materials/GoopStreamParticle.mat using Guid(fb0a006be807eac48a87ffa79b3330a5) Importer(815301076,1909f56bfc062723c751e8b465ee728b)  -> (artifact id: '92a5b528cecb653d4216a1bd1a7031be') in 1.379521 seconds
  Import took 1.382453 seconds .

========================================================================
Received Import Request.
  Time since last request: 20.927322 seconds.
  path: Assets/EffectExamples/Magic Effects
  artifactKey: Guid(67858b22112fded4bb494b5d7f8f7ce3) Importer(815301076,1909f56bfc062723c751e8b465ee728b)
Start importing Assets/EffectExamples/Magic Effects using Guid(67858b22112fded4bb494b5d7f8f7ce3) Importer(815301076,1909f56bfc062723c751e8b465ee728b)  -> (artifact id: '2f024be6d7edfa6702e0d6cbe0412fa1') in 0.005169 seconds
  Import took 0.007545 seconds .

========================================================================
Received Import Request.
  Time since last request: 1.032686 seconds.
  path: Assets/EffectExamples/Magic Effects/Prefabs
  artifactKey: Guid(889678cc39b43cc4dbde2bce5a82f2d4) Importer(815301076,1909f56bfc062723c751e8b465ee728b)
Start importing Assets/EffectExamples/Magic Effects/Prefabs using Guid(889678cc39b43cc4dbde2bce5a82f2d4) Importer(815301076,1909f56bfc062723c751e8b465ee728b)  -> (artifact id: '18e63b944fa09bb9cc2abf04bc9026f0') in 0.001434 seconds
  Import took 0.003751 seconds .

========================================================================
Received Import Request.
  Time since last request: 0.137393 seconds.
  path: Assets/EffectExamples/Magic Effects/Prefabs/EarthShatter.prefab
  artifactKey: Guid(32c9fd11a72259d45aa26ae41c34c5aa) Importer(815301076,1909f56bfc062723c751e8b465ee728b)
Start importing Assets/EffectExamples/Magic Effects/Prefabs/EarthShatter.prefab using Guid(32c9fd11a72259d45aa26ae41c34c5aa) Importer(815301076,1909f56bfc062723c751e8b465ee728b)  -> (artifact id: 'e64fae2cee05cf04175e558a2350d1db') in 0.007125 seconds
  Import took 0.009786 seconds .

========================================================================
Received Import Request.
  Time since last request: 0.000176 seconds.
  path: Assets/EffectExamples/Magic Effects/Prefabs/IceLance.prefab
  artifactKey: Guid(1a1c02facd51d87458dcaa3a761e2c03) Importer(815301076,1909f56bfc062723c751e8b465ee728b)
Start importing Assets/EffectExamples/Magic Effects/Prefabs/IceLance.prefab using Guid(1a1c02facd51d87458dcaa3a761e2c03) Importer(815301076,1909f56bfc062723c751e8b465ee728b)  -> (artifact id: '33891b8955765409d5911ceb1246bd89') in 0.357079 seconds
  Import took 0.359626 seconds .

========================================================================
Received Import Request.
  Time since last request: 1.030344 seconds.
  path: Assets/EffectExamples/Magic Effects/Models/IceLance.FBX
  artifactKey: Guid(735d1d1e5a1d1934589aa44da6a7ea75) Importer(815301076,1909f56bfc062723c751e8b465ee728b)
Start importing Assets/EffectExamples/Magic Effects/Models/IceLance.FBX using Guid(735d1d1e5a1d1934589aa44da6a7ea75) Importer(815301076,1909f56bfc062723c751e8b465ee728b)  -> (artifact id: '1aa7f004494fc4aec4438ae1c59d6ddf') in 0.060155 seconds
  Import took 0.062520 seconds .

========================================================================
Received Import Request.
  Time since last request: 22.298668 seconds.
  path: Assets/EffectExamples/Misc Effects
  artifactKey: Guid(7dd5994c11ccf45c3b64748c6a871d80) Importer(815301076,1909f56bfc062723c751e8b465ee728b)
Start importing Assets/EffectExamples/Misc Effects using Guid(7dd5994c11ccf45c3b64748c6a871d80) Importer(815301076,1909f56bfc062723c751e8b465ee728b)  -> (artifact id: '216ddfd204ab880032b74bf2844181e6') in 0.004521 seconds
  Import took 0.006734 seconds .

========================================================================
Received Import Request.
  Time since last request: 0.893016 seconds.
  path: Assets/EffectExamples/Misc Effects/Models
  artifactKey: Guid(73a8693cc893bc349a64b418941cf068) Importer(815301076,1909f56bfc062723c751e8b465ee728b)
Start importing Assets/EffectExamples/Misc Effects/Models using Guid(73a8693cc893bc349a64b418941cf068) Importer(815301076,1909f56bfc062723c751e8b465ee728b)  -> (artifact id: 'e3553d93bfb5f5ca24ec51c792fbccc6') in 0.003985 seconds
  Import took 0.006191 seconds .

========================================================================
Received Import Request.
  Time since last request: 0.143320 seconds.
  path: Assets/EffectExamples/Misc Effects/Models/Candle.fbx
  artifactKey: Guid(47422950376b0d8458d22d6185bcdcb3) Importer(815301076,1909f56bfc062723c751e8b465ee728b)
Start importing Assets/EffectExamples/Misc Effects/Models/Candle.fbx using Guid(47422950376b0d8458d22d6185bcdcb3) Importer(815301076,1909f56bfc062723c751e8b465ee728b)  -> (artifact id: '70ca496401fb1cd5a75f2344b3e255a4') in 0.014428 seconds
  Import took 0.016591 seconds .

========================================================================
Received Import Request.
  Time since last request: 0.000178 seconds.
  path: Assets/EffectExamples/Misc Effects/Models/Ellen.fbx
  artifactKey: Guid(b1d76b05add46f44292ade654065b4c7) Importer(815301076,1909f56bfc062723c751e8b465ee728b)
Start importing Assets/EffectExamples/Misc Effects/Models/Ellen.fbx using Guid(b1d76b05add46f44292ade654065b4c7) Importer(815301076,1909f56bfc062723c751e8b465ee728b)  -> (artifact id: '92ffe0abc77eb9ddc0420e0a4dfe37e2') in 0.030192 seconds
  Import took 0.032655 seconds .

========================================================================
Received Import Request.
  Time since last request: 0.000192 seconds.
  path: Assets/EffectExamples/Misc Effects/Models/FireFly.fbx
  artifactKey: Guid(dc6b02b1d8deafa448e0985c40c217ae) Importer(815301076,1909f56bfc062723c751e8b465ee728b)
Start importing Assets/EffectExamples/Misc Effects/Models/FireFly.fbx using Guid(dc6b02b1d8deafa448e0985c40c217ae) Importer(815301076,1909f56bfc062723c751e8b465ee728b)  -> (artifact id: '4630dad581887fc2ba15addedb86ffb7') in 0.013118 seconds
  Import took 0.015819 seconds .

========================================================================
Received Import Request.
  Time since last request: 0.000163 seconds.
  path: Assets/EffectExamples/Misc Effects/Models/Flakes.fbx
  artifactKey: Guid(dc789956fe23a1941adff98b407addf0) Importer(815301076,1909f56bfc062723c751e8b465ee728b)
Start importing Assets/EffectExamples/Misc Effects/Models/Flakes.fbx using Guid(dc789956fe23a1941adff98b407addf0) Importer(815301076,1909f56bfc062723c751e8b465ee728b)  -> (artifact id: 'f9ae0aa4fb655d4153fd2c0f645ce14d') in 0.020994 seconds
  Import took 0.023158 seconds .

========================================================================
Received Import Request.
  Time since last request: 0.003614 seconds.
  path: Assets/EffectExamples/Misc Effects/Models/Flakes.fbx
  artifactKey: Guid(dc789956fe23a1941adff98b407addf0) Importer(815301076,1909f56bfc062723c751e8b465ee728b)
Start importing Assets/EffectExamples/Misc Effects/Models/Flakes.fbx using Guid(dc789956fe23a1941adff98b407addf0) Importer(815301076,1909f56bfc062723c751e8b465ee728b)  -> (artifact id: 'f9ae0aa4fb655d4153fd2c0f645ce14d') in 0.020998 seconds
  Import took 0.023394 seconds .

========================================================================
Received Import Request.
  Time since last request: 41.853475 seconds.
  path: Assets/EffectExamples/Smoke & Steam Effects
  artifactKey: Guid(a5105affb5d3055448de0ec9cde1dbd5) Importer(815301076,1909f56bfc062723c751e8b465ee728b)
Start importing Assets/EffectExamples/Smoke & Steam Effects using Guid(a5105affb5d3055448de0ec9cde1dbd5) Importer(815301076,1909f56bfc062723c751e8b465ee728b)  -> (artifact id: '1dd479f2a06d38cd6c58a88c473fe559') in 0.004258 seconds
  Import took 0.006535 seconds .

========================================================================
Received Import Request.
  Time since last request: 1.239095 seconds.
  path: Assets/EffectExamples/Smoke & Steam Effects/Prefabs
  artifactKey: Guid(dbfd7946be19cfa47b39e4ca9a17c511) Importer(815301076,1909f56bfc062723c751e8b465ee728b)
Start importing Assets/EffectExamples/Smoke & Steam Effects/Prefabs using Guid(dbfd7946be19cfa47b39e4ca9a17c511) Importer(815301076,1909f56bfc062723c751e8b465ee728b)  -> (artifact id: 'eb5dacd081183a4b269d39972abe5688') in 0.001177 seconds
  Import took 0.003310 seconds .

========================================================================
Received Import Request.
  Time since last request: 0.072139 seconds.
  path: Assets/EffectExamples/Smoke & Steam Effects/Prefabs/DustStorm.prefab
  artifactKey: Guid(9e03786a9517b604d8e930182607a128) Importer(815301076,1909f56bfc062723c751e8b465ee728b)
Start importing Assets/EffectExamples/Smoke & Steam Effects/Prefabs/DustStorm.prefab using Guid(9e03786a9517b604d8e930182607a128) Importer(815301076,1909f56bfc062723c751e8b465ee728b)  -> (artifact id: '0f5de6ab867450eff16ef356f987cef7') in 0.006361 seconds
  Import took 0.008982 seconds .

========================================================================
Received Import Request.
  Time since last request: 0.000164 seconds.
  path: Assets/EffectExamples/Smoke & Steam Effects/Prefabs/SmokeEffect.prefab
  artifactKey: Guid(73767e07adddc394d82b994801f89bbb) Importer(815301076,1909f56bfc062723c751e8b465ee728b)
Start importing Assets/EffectExamples/Smoke & Steam Effects/Prefabs/SmokeEffect.prefab using Guid(73767e07adddc394d82b994801f89bbb) Importer(815301076,1909f56bfc062723c751e8b465ee728b)  -> (artifact id: 'b91080b4b2ea40087c93b9735a9eb2d7') in 0.005953 seconds
  Import took 0.008237 seconds .

========================================================================
Received Import Request.
  Time since last request: 0.000188 seconds.
  path: Assets/EffectExamples/Smoke & Steam Effects/Prefabs/Heat Distortion.prefab
  artifactKey: Guid(ea309e8646148c24ab067d84d5d22697) Importer(815301076,1909f56bfc062723c751e8b465ee728b)
Start importing Assets/EffectExamples/Smoke & Steam Effects/Prefabs/Heat Distortion.prefab using Guid(ea309e8646148c24ab067d84d5d22697) Importer(815301076,1909f56bfc062723c751e8b465ee728b)  -> (artifact id: 'cf68a19ed6e00b56fdf399d42d4636ac') in 0.005422 seconds
  Import took 0.007475 seconds .

========================================================================
Received Import Request.
  Time since last request: 0.000169 seconds.
  path: Assets/EffectExamples/Smoke & Steam Effects/Prefabs/Steam.prefab
  artifactKey: Guid(378b2c30ef426554495292cb902cb8f4) Importer(815301076,1909f56bfc062723c751e8b465ee728b)
Start importing Assets/EffectExamples/Smoke & Steam Effects/Prefabs/Steam.prefab using Guid(378b2c30ef426554495292cb902cb8f4) Importer(815301076,1909f56bfc062723c751e8b465ee728b)  -> (artifact id: 'fb08dae95f133e9743a4534a502c4ea0') in 0.005506 seconds
  Import took 0.007603 seconds .

========================================================================
Received Import Request.
  Time since last request: 0.000157 seconds.
  path: Assets/EffectExamples/Smoke & Steam Effects/Prefabs/GroundFog.prefab
  artifactKey: Guid(1a365141225c22e49a7bb976869b22a8) Importer(815301076,1909f56bfc062723c751e8b465ee728b)
Start importing Assets/EffectExamples/Smoke & Steam Effects/Prefabs/GroundFog.prefab using Guid(1a365141225c22e49a7bb976869b22a8) Importer(815301076,1909f56bfc062723c751e8b465ee728b)  -> (artifact id: 'f608f09ac3862c4afd375213d76d073f') in 0.005549 seconds
  Import took 0.007805 seconds .

========================================================================
Received Import Request.
  Time since last request: 0.000154 seconds.
  path: Assets/EffectExamples/Smoke & Steam Effects/Prefabs/RocketTrail.prefab
  artifactKey: Guid(ef134ce1a2a98d94fb68c860d9c736c6) Importer(815301076,1909f56bfc062723c751e8b465ee728b)
Start importing Assets/EffectExamples/Smoke & Steam Effects/Prefabs/RocketTrail.prefab using Guid(ef134ce1a2a98d94fb68c860d9c736c6) Importer(815301076,1909f56bfc062723c751e8b465ee728b)  -> (artifact id: 'def56c570fa3210814e2f90745972bf0') in 0.006046 seconds
  Import took 0.008459 seconds .

========================================================================
Received Import Request.
  Time since last request: 0.000194 seconds.
  path: Assets/EffectExamples/Smoke & Steam Effects/Prefabs/RisingSteam.prefab
  artifactKey: Guid(efe021d4c307b5449b8121d46791cf95) Importer(815301076,1909f56bfc062723c751e8b465ee728b)
Start importing Assets/EffectExamples/Smoke & Steam Effects/Prefabs/RisingSteam.prefab using Guid(efe021d4c307b5449b8121d46791cf95) Importer(815301076,1909f56bfc062723c751e8b465ee728b)  -> (artifact id: '89a733d6090f06d7103be12769e4fcf7') in 0.005710 seconds
  Import took 0.008044 seconds .

========================================================================
Received Import Request.
  Time since last request: 0.000150 seconds.
  path: Assets/EffectExamples/Smoke & Steam Effects/Prefabs/PressurisedSteam.prefab
  artifactKey: Guid(61bb62591466c3649bdf4905822d72f6) Importer(815301076,1909f56bfc062723c751e8b465ee728b)
Start importing Assets/EffectExamples/Smoke & Steam Effects/Prefabs/PressurisedSteam.prefab using Guid(61bb62591466c3649bdf4905822d72f6) Importer(815301076,1909f56bfc062723c751e8b465ee728b)  -> (artifact id: 'fc48de847f7aed8135a7817cdea01335') in 0.005650 seconds
  Import took 0.007782 seconds .

========================================================================
Received Import Request.
  Time since last request: 0.000159 seconds.
  path: Assets/EffectExamples/Smoke & Steam Effects/Prefabs/PoisonGas.prefab
  artifactKey: Guid(6f672a31584a6a748912a49c1dce2f0c) Importer(815301076,1909f56bfc062723c751e8b465ee728b)
Start importing Assets/EffectExamples/Smoke & Steam Effects/Prefabs/PoisonGas.prefab using Guid(6f672a31584a6a748912a49c1dce2f0c) Importer(815301076,1909f56bfc062723c751e8b465ee728b)  -> (artifact id: 'f46b82d52d4478797ce023b953b687cf') in 0.005835 seconds
  Import took 0.008197 seconds .

========================================================================
Received Import Request.
  Time since last request: 1.854329 seconds.
  path: Assets/EffectExamples/Smoke & Steam Effects/Materials/Dust.mat
  artifactKey: Guid(0227585ad08c3da4ab3286a2f78d42f5) Importer(815301076,1909f56bfc062723c751e8b465ee728b)
Start importing Assets/EffectExamples/Smoke & Steam Effects/Materials/Dust.mat using Guid(0227585ad08c3da4ab3286a2f78d42f5) Importer(815301076,1909f56bfc062723c751e8b465ee728b)  -> (artifact id: '0383b07233d333faa04d657eb66ee177') in 0.008173 seconds
  Import took 0.010659 seconds .

========================================================================
Received Import Request.
  Time since last request: 0.005994 seconds.
  path: Assets/EffectExamples/Smoke & Steam Effects/Materials/Dust.mat
  artifactKey: Guid(0227585ad08c3da4ab3286a2f78d42f5) Importer(815301076,1909f56bfc062723c751e8b465ee728b)
Start importing Assets/EffectExamples/Smoke & Steam Effects/Materials/Dust.mat using Guid(0227585ad08c3da4ab3286a2f78d42f5) Importer(815301076,1909f56bfc062723c751e8b465ee728b)  -> (artifact id: '0383b07233d333faa04d657eb66ee177') in 0.007900 seconds
  Import took 0.010154 seconds .

========================================================================
Received Import Request.
  Time since last request: 2.391206 seconds.
  path: Assets/EffectExamples/Smoke & Steam Effects/Materials/GroundFog.mat
  artifactKey: Guid(f96090edaea7c564c80586f4385918fd) Importer(815301076,1909f56bfc062723c751e8b465ee728b)
Start importing Assets/EffectExamples/Smoke & Steam Effects/Materials/GroundFog.mat using Guid(f96090edaea7c564c80586f4385918fd) Importer(815301076,1909f56bfc062723c751e8b465ee728b)  -> (artifact id: 'fece77c364a4f669209e4150b617bf95') in 1.167767 seconds
  Import took 1.170379 seconds .

========================================================================
Received Import Request.
  Time since last request: 14.841822 seconds.
  path: Assets/EffectExamples/Smoke & Steam Effects/Materials/HeatDistortion.mat
  artifactKey: Guid(3c90f41c7ad75cd4db41faa565660d18) Importer(815301076,1909f56bfc062723c751e8b465ee728b)
Start importing Assets/EffectExamples/Smoke & Steam Effects/Materials/HeatDistortion.mat using Guid(3c90f41c7ad75cd4db41faa565660d18) Importer(815301076,1909f56bfc062723c751e8b465ee728b)  -> (artifact id: '58ce69a9bc918335bcc2ed28e0a1863f') in 0.201808 seconds
  Import took 0.204679 seconds .

========================================================================
Received Import Request.
  Time since last request: 0.003067 seconds.
  path: Assets/EffectExamples/Smoke & Steam Effects/Materials/HeatDistortion.mat
  artifactKey: Guid(3c90f41c7ad75cd4db41faa565660d18) Importer(815301076,1909f56bfc062723c751e8b465ee728b)
Start importing Assets/EffectExamples/Smoke & Steam Effects/Materials/HeatDistortion.mat using Guid(3c90f41c7ad75cd4db41faa565660d18) Importer(815301076,1909f56bfc062723c751e8b465ee728b)  -> (artifact id: '58ce69a9bc918335bcc2ed28e0a1863f') in 0.010898 seconds
  Import took 0.013618 seconds .

========================================================================
Received Import Request.
  Time since last request: 4.160549 seconds.
  path: Assets/EffectExamples/Smoke & Steam Effects/Materials/wispySmoke.mat
  artifactKey: Guid(4cd7f6cf6430b2347803bd0c957fbbce) Importer(815301076,1909f56bfc062723c751e8b465ee728b)
Start importing Assets/EffectExamples/Smoke & Steam Effects/Materials/wispySmoke.mat using Guid(4cd7f6cf6430b2347803bd0c957fbbce) Importer(815301076,1909f56bfc062723c751e8b465ee728b)  -> (artifact id: '5ffeae7bcf697f94ecbbba65c2f4583a') in 0.038483 seconds
  Import took 0.041680 seconds .

========================================================================
Received Import Request.
  Time since last request: 0.000453 seconds.
  path: Assets/EffectExamples/Smoke & Steam Effects/Materials/wispySmoke.mat
  artifactKey: Guid(4cd7f6cf6430b2347803bd0c957fbbce) Importer(815301076,1909f56bfc062723c751e8b465ee728b)
Start importing Assets/EffectExamples/Smoke & Steam Effects/Materials/wispySmoke.mat using Guid(4cd7f6cf6430b2347803bd0c957fbbce) Importer(815301076,1909f56bfc062723c751e8b465ee728b)  -> (artifact id: '5ffeae7bcf697f94ecbbba65c2f4583a') in 0.010557 seconds
  Import took 0.014015 seconds .

========================================================================
Received Import Request.
  Time since last request: 5.799666 seconds.
  path: Assets/EffectExamples/Smoke & Steam Effects/Materials/SmokeySteam01.mat
  artifactKey: Guid(df0a9d4a1d2f26c4eb697a71ac5b82d6) Importer(815301076,1909f56bfc062723c751e8b465ee728b)
Start importing Assets/EffectExamples/Smoke & Steam Effects/Materials/SmokeySteam01.mat using Guid(df0a9d4a1d2f26c4eb697a71ac5b82d6) Importer(815301076,1909f56bfc062723c751e8b465ee728b)  -> (artifact id: '10784dd84f0301bc8529cf095c10c28c') in 0.010928 seconds
  Import took 0.013319 seconds .

========================================================================
Received Import Request.
  Time since last request: 0.001888 seconds.
  path: Assets/EffectExamples/Smoke & Steam Effects/Materials/SmokeySteam01.mat
  artifactKey: Guid(df0a9d4a1d2f26c4eb697a71ac5b82d6) Importer(815301076,1909f56bfc062723c751e8b465ee728b)
Start importing Assets/EffectExamples/Smoke & Steam Effects/Materials/SmokeySteam01.mat using Guid(df0a9d4a1d2f26c4eb697a71ac5b82d6) Importer(815301076,1909f56bfc062723c751e8b465ee728b)  -> (artifact id: '10784dd84f0301bc8529cf095c10c28c') in 0.010574 seconds
  Import took 0.012724 seconds .

========================================================================
Received Import Request.
  Time since last request: 6.417910 seconds.
  path: Assets/EffectExamples/Smoke & Steam Effects/Materials/Smoke02.mat
  artifactKey: Guid(43d3e21dd15c3b847957abee25d004d9) Importer(815301076,1909f56bfc062723c751e8b465ee728b)
Start importing Assets/EffectExamples/Smoke & Steam Effects/Materials/Smoke02.mat using Guid(43d3e21dd15c3b847957abee25d004d9) Importer(815301076,1909f56bfc062723c751e8b465ee728b)  -> (artifact id: '94bc3f749755122a0f68a4cd7d2cb96b') in 0.011026 seconds
  Import took 0.013416 seconds .

========================================================================
Received Import Request.
  Time since last request: 0.002557 seconds.
  path: Assets/EffectExamples/Smoke & Steam Effects/Materials/Smoke02.mat
  artifactKey: Guid(43d3e21dd15c3b847957abee25d004d9) Importer(815301076,1909f56bfc062723c751e8b465ee728b)
Start importing Assets/EffectExamples/Smoke & Steam Effects/Materials/Smoke02.mat using Guid(43d3e21dd15c3b847957abee25d004d9) Importer(815301076,1909f56bfc062723c751e8b465ee728b)  -> (artifact id: '94bc3f749755122a0f68a4cd7d2cb96b') in 0.008422 seconds
  Import took 0.010726 seconds .

========================================================================
Received Import Request.
  Time since last request: 8.126209 seconds.
  path: Assets/EffectExamples/Smoke & Steam Effects/Materials/SmokeLight.mat
  artifactKey: Guid(f06455b167e1b0b428c9af62d7aa6832) Importer(815301076,1909f56bfc062723c751e8b465ee728b)
Start importing Assets/EffectExamples/Smoke & Steam Effects/Materials/SmokeLight.mat using Guid(f06455b167e1b0b428c9af62d7aa6832) Importer(815301076,1909f56bfc062723c751e8b465ee728b)  -> (artifact id: '37924b880a547cb02348763e13d107f8') in 1.590660 seconds
  Import took 1.593220 seconds .

========================================================================
Received Import Request.
  Time since last request: 0.006942 seconds.
  path: Assets/EffectExamples/Smoke & Steam Effects/Materials/SmokeLight.mat
  artifactKey: Guid(f06455b167e1b0b428c9af62d7aa6832) Importer(815301076,1909f56bfc062723c751e8b465ee728b)
Start importing Assets/EffectExamples/Smoke & Steam Effects/Materials/SmokeLight.mat using Guid(f06455b167e1b0b428c9af62d7aa6832) Importer(815301076,1909f56bfc062723c751e8b465ee728b)  -> (artifact id: '37924b880a547cb02348763e13d107f8') in 0.011156 seconds
  Import took 0.013467 seconds .

========================================================================
Received Import Request.
  Time since last request: 9.233554 seconds.
  path: Assets/EffectExamples/Water Effects
  artifactKey: Guid(ba290491ceddda648bce3f8b178b2353) Importer(815301076,1909f56bfc062723c751e8b465ee728b)
Start importing Assets/EffectExamples/Water Effects using Guid(ba290491ceddda648bce3f8b178b2353) Importer(815301076,1909f56bfc062723c751e8b465ee728b)  -> (artifact id: 'd5ff3ae2d185d67d3a78698a6244b346') in 0.004755 seconds
  Import took 0.007032 seconds .

========================================================================
Received Import Request.
  Time since last request: 1.229833 seconds.
  path: Assets/EffectExamples/Water Effects/Models
  artifactKey: Guid(cec83d74b89687b41904bc30bf34b266) Importer(815301076,1909f56bfc062723c751e8b465ee728b)
Start importing Assets/EffectExamples/Water Effects/Models using Guid(cec83d74b89687b41904bc30bf34b266) Importer(815301076,1909f56bfc062723c751e8b465ee728b)  -> (artifact id: '3583822afefdf5cf93a86545210250bf') in 0.001407 seconds
  Import took 0.003759 seconds .

========================================================================
Received Import Request.
  Time since last request: 0.149782 seconds.
  path: Assets/EffectExamples/Water Effects/Models/DropSplash.fbx
  artifactKey: Guid(e6c27adf3e47c024da4e786f5898c785) Importer(815301076,1909f56bfc062723c751e8b465ee728b)
Start importing Assets/EffectExamples/Water Effects/Models/DropSplash.fbx using Guid(e6c27adf3e47c024da4e786f5898c785) Importer(815301076,1909f56bfc062723c751e8b465ee728b)  -> (artifact id: '126e7abf1995a24bd558339686dfc45e') in 0.011549 seconds
  Import took 0.014046 seconds .

========================================================================
Received Import Request.
  Time since last request: 14.196172 seconds.
  path: Assets/EffectExamples/Water Effects/Prefabs
  artifactKey: Guid(527a225033593d040b9de296117f335e) Importer(815301076,1909f56bfc062723c751e8b465ee728b)
Start importing Assets/EffectExamples/Water Effects/Prefabs using Guid(527a225033593d040b9de296117f335e) Importer(815301076,1909f56bfc062723c751e8b465ee728b)  -> (artifact id: 'e2397cdcdeb070eab48106932a418020') in 0.001477 seconds
  Import took 0.003968 seconds .

========================================================================
Received Import Request.
  Time since last request: 3.901257 seconds.
  path: Assets/EffectExamples/Weapon Effects
  artifactKey: Guid(a693b7e7a750f4142beaa792c5791927) Importer(815301076,1909f56bfc062723c751e8b465ee728b)
Start importing Assets/EffectExamples/Weapon Effects using Guid(a693b7e7a750f4142beaa792c5791927) Importer(815301076,1909f56bfc062723c751e8b465ee728b)  -> (artifact id: '80761947dc6275d5e542f0ca5bd8c077') in 0.005122 seconds
  Import took 0.007647 seconds .

========================================================================
Received Import Request.
  Time since last request: 0.948263 seconds.
  path: Assets/EffectExamples/Weapon Effects/Prefabs
  artifactKey: Guid(66b2958180b2bf2499ff4c4b6a684d80) Importer(815301076,1909f56bfc062723c751e8b465ee728b)
Start importing Assets/EffectExamples/Weapon Effects/Prefabs using Guid(66b2958180b2bf2499ff4c4b6a684d80) Importer(815301076,1909f56bfc062723c751e8b465ee728b)  -> (artifact id: 'c0bcee5d2d3ba914900a80bb1ce0014c') in 0.001378 seconds
  Import took 0.003874 seconds .

========================================================================
Received Import Request.
  Time since last request: 0.108034 seconds.
  path: Assets/EffectExamples/Weapon Effects/Prefabs/FleshImpacts.prefab
  artifactKey: Guid(24b82347924701148a13c746edfb6b22) Importer(815301076,1909f56bfc062723c751e8b465ee728b)
Start importing Assets/EffectExamples/Weapon Effects/Prefabs/FleshImpacts.prefab using Guid(24b82347924701148a13c746edfb6b22) Importer(815301076,1909f56bfc062723c751e8b465ee728b)  -> (artifact id: '1733b6579be679dea29f5c51dc3e05f5') in 1.532176 seconds
  Import took 1.535142 seconds .

========================================================================
Received Import Request.
  Time since last request: 0.000256 seconds.
  path: Assets/EffectExamples/Weapon Effects/Prefabs/MuzzleFlash01.prefab
  artifactKey: Guid(ad2ab49d0a2a17148bd51c93d977bdbc) Importer(815301076,1909f56bfc062723c751e8b465ee728b)
Start importing Assets/EffectExamples/Weapon Effects/Prefabs/MuzzleFlash01.prefab using Guid(ad2ab49d0a2a17148bd51c93d977bdbc) Importer(815301076,1909f56bfc062723c751e8b465ee728b)  -> (artifact id: 'b75a4a110e1ba5454fa424d90ffd399c') in 0.007149 seconds
  Import took 0.010410 seconds .

========================================================================
Received Import Request.
  Time since last request: 0.000202 seconds.
  path: Assets/EffectExamples/Weapon Effects/Prefabs/MetalImpacts.prefab
  artifactKey: Guid(44be68b4fc4366142a9cd1ae1f761ea4) Importer(815301076,1909f56bfc062723c751e8b465ee728b)
Start importing Assets/EffectExamples/Weapon Effects/Prefabs/MetalImpacts.prefab using Guid(44be68b4fc4366142a9cd1ae1f761ea4) Importer(815301076,1909f56bfc062723c751e8b465ee728b)  -> (artifact id: 'fe3fd27e748f30360d357e86c594c063') in 1.428734 seconds
  Import took 1.431482 seconds .

========================================================================
Received Import Request.
  Time since last request: 0.000195 seconds.
  path: Assets/EffectExamples/Weapon Effects/Prefabs/StoneImpacts.prefab
  artifactKey: Guid(8b7a1ffda5bb7474b8fae646c45ce7b4) Importer(815301076,1909f56bfc062723c751e8b465ee728b)
Start importing Assets/EffectExamples/Weapon Effects/Prefabs/StoneImpacts.prefab using Guid(8b7a1ffda5bb7474b8fae646c45ce7b4) Importer(815301076,1909f56bfc062723c751e8b465ee728b)  -> (artifact id: 'b2142ff23ea3ccc9b72f19f5117c30e1') in 0.193750 seconds
  Import took 0.196591 seconds .

========================================================================
Received Import Request.
  Time since last request: 0.000180 seconds.
  path: Assets/EffectExamples/Weapon Effects/Prefabs/SandImpacts.prefab
  artifactKey: Guid(bca9020d2c9c915448fb5263a425faf4) Importer(815301076,1909f56bfc062723c751e8b465ee728b)
Start importing Assets/EffectExamples/Weapon Effects/Prefabs/SandImpacts.prefab using Guid(bca9020d2c9c915448fb5263a425faf4) Importer(815301076,1909f56bfc062723c751e8b465ee728b)  -> (artifact id: '473e63a2ad9521a222469d9ce99b13fa') in 0.155761 seconds
  Import took 0.158208 seconds .

========================================================================
Received Import Request.
  Time since last request: 0.000185 seconds.
  path: Assets/EffectExamples/Weapon Effects/Prefabs/WoodImpacts.prefab
  artifactKey: Guid(3c0b5f221ea995442b9d11dc526de1c0) Importer(815301076,1909f56bfc062723c751e8b465ee728b)
Start importing Assets/EffectExamples/Weapon Effects/Prefabs/WoodImpacts.prefab using Guid(3c0b5f221ea995442b9d11dc526de1c0) Importer(815301076,1909f56bfc062723c751e8b465ee728b)  -> (artifact id: '91d4c4f8df7ab7f9a2f38f0d6e3136d3') in 1.021506 seconds
  Import took 1.023937 seconds .

========================================================================
Received Import Request.
  Time since last request: 2.836011 seconds.
  path: Assets/EffectExamples/Weapon Effects/Materials/MuzzleFlash01.mat
  artifactKey: Guid(a8cb413d77ceb054abf10c2c6ee66337) Importer(815301076,1909f56bfc062723c751e8b465ee728b)
Start importing Assets/EffectExamples/Weapon Effects/Materials/MuzzleFlash01.mat using Guid(a8cb413d77ceb054abf10c2c6ee66337) Importer(815301076,1909f56bfc062723c751e8b465ee728b)  -> (artifact id: '06face66661b1802d29562e73579d693') in 0.008185 seconds
  Import took 0.010654 seconds .

========================================================================
Received Import Request.
  Time since last request: 0.006007 seconds.
  path: Assets/EffectExamples/Weapon Effects/Materials/MuzzleFlash01.mat
  artifactKey: Guid(a8cb413d77ceb054abf10c2c6ee66337) Importer(815301076,1909f56bfc062723c751e8b465ee728b)
Start importing Assets/EffectExamples/Weapon Effects/Materials/MuzzleFlash01.mat using Guid(a8cb413d77ceb054abf10c2c6ee66337) Importer(815301076,1909f56bfc062723c751e8b465ee728b)  -> (artifact id: '06face66661b1802d29562e73579d693') in 0.005031 seconds
  Import took 0.007385 seconds .

========================================================================
Received Import Request.
  Time since last request: 36.966186 seconds.
  path: Assets/EffectExamples/Smoke & Steam Effects/Models
  artifactKey: Guid(cf5ea0c825a55694d90b663813c76c53) Importer(815301076,1909f56bfc062723c751e8b465ee728b)
Start importing Assets/EffectExamples/Smoke & Steam Effects/Models using Guid(cf5ea0c825a55694d90b663813c76c53) Importer(815301076,1909f56bfc062723c751e8b465ee728b)  -> (artifact id: 'f2c3d6310c4170877cc58fa2d82705a1') in 0.001319 seconds
  Import took 0.003676 seconds .

========================================================================
Received Import Request.
  Time since last request: 223.708561 seconds.
  path: Assets/Prefabs/SimulateGroundFog.prefab
  artifactKey: Guid(404d15e9c896653428b35bb4ade99312) Importer(815301076,1909f56bfc062723c751e8b465ee728b)
Start importing Assets/Prefabs/SimulateGroundFog.prefab using Guid(404d15e9c896653428b35bb4ade99312) Importer(815301076,1909f56bfc062723c751e8b465ee728b)  -> (artifact id: '362d80b6a7f75f652ba66a41882fab70') in 0.006574 seconds
  Import took 0.009003 seconds .

========================================================================
Received Import Request.
  Time since last request: 0.004400 seconds.
  path: Assets/Prefabs/SimulateGroundFog.prefab
  artifactKey: Guid(404d15e9c896653428b35bb4ade99312) Importer(815301076,1909f56bfc062723c751e8b465ee728b)
Start importing Assets/Prefabs/SimulateGroundFog.prefab using Guid(404d15e9c896653428b35bb4ade99312) Importer(815301076,1909f56bfc062723c751e8b465ee728b)  -> (artifact id: '362d80b6a7f75f652ba66a41882fab70') in 0.002588 seconds
  Import took 0.004724 seconds .

AssetImportWorkerClient::OnTransportError - code=2 error=End of file
